[debug] [2023-03-16T15:03:14.799Z] ----------------------------------------------------------------------
[debug] [2023-03-16T15:03:14.803Z] Command:       C:\Program Files\nodejs\node.exe C:\Users\CHRISTIAN\AppData\Roaming\npm\node_modules\firebase-tools\lib\bin\firebase.js init
[debug] [2023-03-16T15:03:14.804Z] CLI Version:   11.16.0
[debug] [2023-03-16T15:03:14.804Z] Platform:      win32
[debug] [2023-03-16T15:03:14.804Z] Node Version:  v16.16.0
[debug] [2023-03-16T15:03:14.806Z] Time:          Thu Mar 16 2023 16:03:14 GMT+0100 (West Africa Standard Time)
[debug] [2023-03-16T15:03:14.806Z] ----------------------------------------------------------------------
[debug] 
[debug] [2023-03-16T15:03:14.812Z] >>> [apiv2][query] GET https://firebase-public.firebaseio.com/cli.json [none]
[debug] [2023-03-16T15:03:14.978Z] > command requires scopes: ["email","openid","https://www.googleapis.com/auth/cloudplatformprojects.readonly","https://www.googleapis.com/auth/firebase","https://www.googleapis.com/auth/cloud-platform"]
[debug] [2023-03-16T15:03:14.979Z] > authorizing via signed-in user (forsaleusedcars8@gmail.com)
[info] 
     ######## #### ########  ######## ########     ###     ######  ########
     ##        ##  ##     ## ##       ##     ##  ##   ##  ##       ##
     ######    ##  ########  ######   ########  #########  ######  ######
     ##        ##  ##    ##  ##       ##     ## ##     ##       ## ##
     ##       #### ##     ## ######## ########  ##     ##  ######  ########

You're about to initialize a Firebase project in this directory:

  E:\personal stuff\Projects hhhhhhhhhhh\Vanzy\Vanzereactjs

Before we get started, keep in mind:

  * You are initializing within an existing Firebase project directory

[warn] !  Unable to fetch the CLI MOTD and remote config. 
[debug] [2023-03-16T15:03:15.135Z] Failed to fetch MOTD FirebaseError: Failed to make request to https://firebase-public.firebaseio.com/cli.json
